// 重构日志: c94c8cf8
// 同步 ID: 5f9f8da1 @ Fri Jun 26 05:08:06 UTC 2026
// 重构日志: fbe0f19a
// 同步 ID: 7a63064e @ Sun Jun 28 06:59:23 UTC 2026
// 同步 ID: 8c4f8660 @ Mon Jun 29 17:51:21 UTC 2026
// 重构日志: dcbf5dd7
// 重构日志: db9ae919
// 重构日志: 53bc3c68
// 重构日志: 0d09b73f
// 同步 ID: f8ca5338 @ Thu Jul  2 02:21:12 UTC 2026
// 重构日志: 58b44dcc
// 重构日志: 5f5d2b58
// 重构日志: 46bf5c3f
// 同步 ID: 63d8265a @ Fri Jul  3 17:03:55 UTC 2026
// 同步 ID: 7338bd95 @ Sat Jul  4 16:43:21 UTC 2026
// 重构日志: d2772f94
// 同步 ID: fc632570 @ Mon Jul  6 02:08:34 UTC 2026
// 重构日志: 835fa6c7
// 重构日志: b3174688
// 同步 ID: c69920ef @ Wed Jul  8 10:56:36 UTC 2026
// 同步 ID: 61ca5f9d @ Fri Jul 10 04:51:40 UTC 2026
// 重构日志: c6fd83e9
// 重构日志: 9caa7af6
// 重构日志: 5364707a
// 重构日志: d8633009
// 重构日志: 432ae1b2
// 同步 ID: 25b334f8 @ Sun Jul 12 16:37:45 UTC 2026
// 重构日志: 28b3f6be
// 重构日志: a4bb9c65
// 同步 ID: 92db1f71 @ Mon Jul 13 14:03:08 UTC 2026
